make all --print-data-base --no-builtin-variables --no-builtin-rules --question
make: *** No rule to make target 'all'.  Stop.

# GNU Make 4.2.1
# Built for x86_64-pc-linux-gnu
# Copyright (C) 1988-2016 Free Software Foundation, Inc.
# License GPLv3+: GNU GPL version 3 or later <http://gnu.org/licenses/gpl.html>
# This is free software: you are free to change and redistribute it.
# There is NO WARRANTY, to the extent permitted by law.

# Make data base, printed on Sun Aug 21 13:02:56 2022

# Variables

# 'override' directive
GNUMAKEFLAGS := 
# automatic
<D = $(patsubst %/,%,$(dir $<))
# automatic
?F = $(notdir $?)
# environment
DESKTOP_SESSION = ubuntu
# environment
OPAM_SWITCH_PREFIX = /home/pranjal/.opam/4.03.0
# default
.SHELLFLAGS := -c
# environment
OCAML_TOPLEVEL_PATH = /home/pranjal/.opam/4.03.0/lib/toplevel
# environment
XDG_SESSION_CLASS = user
# environment
XDG_SESSION_TYPE = x11
# automatic
?D = $(patsubst %/,%,$(dir $?))
# environment
IM_CONFIG_PHASE = 1
# automatic
@D = $(patsubst %/,%,$(dir $@))
# environment
XAUTHORITY = /run/user/1000/gdm/Xauthority
# environment
GDMSESSION = ubuntu
# environment
XMODIFIERS = @im=ibus
# makefile
CURDIR := /home/pranjal/Desktop/cs293/project
# makefile
SHELL = /bin/sh
# environment
VSCODE_NLS_CONFIG = {"locale":"en-gb","availableLanguages":{},"_languagePackSupport":true}
# environment
_ = /usr/share/code/code
# environment
JOURNAL_STREAM = 8:50368
# environment
XDG_CONFIG_DIRS = /etc/xdg/xdg-ubuntu:/etc/xdg
# environment
QSYS_ROOTDIR = /home/pranjal/intelFPGA_lite/20.1/quartus/sopc_builder/bin
# makefile (from 'Makefile', line 1)
MAKEFILE_LIST :=  Makefile
# automatic
@F = $(notdir $@)
# environment
GIO_LAUNCHED_DESKTOP_FILE = /usr/share/applications/code.desktop
# environment
USERNAME = pranjal
# environment
MANDATORY_PATH = /usr/share/gconf/ubuntu.mandatory.path
# environment
XDG_DATA_DIRS = /usr/share/ubuntu:/usr/local/share/:/usr/share/:/var/lib/snapd/desktop
# environment
DBUS_SESSION_BUS_ADDRESS = unix:path=/run/user/1000/bus
# environment
MANAGERPID = 1891
# environment
LESSOPEN = | /usr/bin/lesspipe %s
# environment
VSCODE_CWD = /home/pranjal
# default
MAKE_HOST := x86_64-pc-linux-gnu
# environment
PATH = /home/pranjal/esp-idf/tools:/home/pranjal/.opam/4.03.0/bin:/home/pranjal/.local/bin:/home/pranjal/esp-idf/tools:/home/pranjal/:/usr/local/lustre-v4-III-e-linux64/bin:/home/pranjal/esp-idf/tools:/home/pranjal/.opam/4.03.0/bin:/home/pranjal/.local/bin:/usr/local/sbin:/usr/local/bin:/usr/sbin:/usr/bin:/sbin:/bin:/usr/games:/usr/local/games:/snap/bin:/home/pranjal/.dotnet/tools:/home/pranjal/.dotnet/tools:/usr/local/lustre-v4-III-e-linux64/esterelv5_21.linux/bin
# environment
GPG_AGENT_INFO = /run/user/1000/gnupg/S.gpg-agent:0:1
# environment
SESSION_MANAGER = local/pk-inspiron-5502:@/tmp/.ICE-unix/2370,unix/pk-inspiron-5502:/tmp/.ICE-unix/2370
# environment
XDG_RUNTIME_DIR = /run/user/1000
# environment
XDG_MENU_PREFIX = gnome-
# environment
ELECTRON_RUN_AS_NODE = 1
# environment
INVOCATION_ID = f9854f8640d543ff9ea95b52e27fa113
# default
.FEATURES := target-specific order-only second-expansion else-if shortest-stem undefine oneshell archives jobserver output-sync check-symlink load
# environment
LS_COLORS = 
# environment
ESTEREL = /usr/local/lustre-v4-III-e-linux64/esterelv5_21.linux
# environment
XDG_SESSION_DESKTOP = ubuntu
# environment
SSH_AUTH_SOCK = /run/user/1000/keyring/ssh
# environment
GIO_LAUNCHED_DESKTOP_FILE_PID = 477543
# automatic
%F = $(notdir $%)
# environment
DISPLAY = :0
# environment
PWD = /home/pranjal/Desktop/cs293/project
# default
.LOADED := 
# environment
SSH_AGENT_PID = 2324
# environment
PKG_CONFIG_PATH = /home/pranjal/.opam/4.03.0/lib/pkgconfig:/home/pranjal/.opam/4.03.0/lib/pkgconfig:
# environment
ORIGINAL_XDG_CURRENT_DESKTOP = ubuntu:GNOME
# environment
GTK_MODULES = gail:atk-bridge
# environment
MANPATH = :/home/pranjal/.opam/4.03.0/man:/usr/local/lustre-v4-III-e-linux64/man:/usr/local/lustre-v4-III-e-linux64/esterelv5_21.linux/man:/home/pranjal/.opam/4.03.0/man
# environment
VSCODE_AMD_ENTRYPOINT = vs/workbench/api/node/extensionHostProcess
# environment
HOME = /home/pranjal
# environment
LD_LIBRARY_PATH = :/usr/local/lustre-v4-III-e-linux64/esterelv5_21.linux/lib
# environment
LESSCLOSE = /usr/bin/lesspipe %s %s
# environment
VSCODE_CODE_CACHE_PATH = /home/pranjal/.config/Code/CachedData/3b889b090b5ad5793f524b5d1d39fda662b96a2a
# environment
LOGNAME = pranjal
# environment
APPLICATION_INSIGHTS_NO_DIAGNOSTIC_CHANNEL = 1
# environment
VSCODE_HANDLES_UNCAUGHT_ERRORS = true
# environment
GNOME_DESKTOP_SESSION_ID = this-is-deprecated
# automatic
^D = $(patsubst %/,%,$(dir $^))
# environment
MAKELEVEL := 0
# default
MAKE = $(MAKE_COMMAND)
# default
MAKECMDGOALS := all
# environment
QT_IM_MODULE = ibus
# environment
SHLVL = 0
# environment
GNOME_SHELL_SESSION_MODE = ubuntu
# default
MAKE_VERSION := 4.2.1
# environment
USER = pranjal
# environment
CAML_LD_LIBRARY_PATH = /home/pranjal/.opam/4.03.0/lib/stublibs:/home/pranjal/.opam/4.03.0/lib/ocaml/stublibs:/home/pranjal/.opam/4.03.0/lib/ocaml
# makefile
.DEFAULT_GOAL := All
# environment
XDG_CURRENT_DESKTOP = Unity
# environment
LIBVIRT_DEFAULT_URI = qemu:///system
# automatic
%D = $(patsubst %/,%,$(dir $%))
# default
MAKE_COMMAND := make
# default
.VARIABLES := 
# automatic
*F = $(notdir $*)
# environment
LANGUAGE = en_IN:en
# environment
VSCODE_IPC_HOOK = /run/user/1000/vscode-14df3eae-1.69.2-main.sock
# makefile
MAKEFLAGS = pqrR
# environment
MFLAGS = -pqrR
# automatic
*D = $(patsubst %/,%,$(dir $*))
# environment
IDF_PATH = /home/pranjal/esp-idf
# automatic
+D = $(patsubst %/,%,$(dir $+))
# environment
GDK_BACKEND = x11
# automatic
+F = $(notdir $+)
# environment
QT_ACCESSIBILITY = 1
# environment
DEFAULTS_PATH = /usr/share/gconf/ubuntu.default.path
# default
MAKEFILES := 
# automatic
<F = $(notdir $<)
# environment
LC_ALL = C
# environment
LUSTRE_INSTALL = /usr/local/lustre-v4-III-e-linux64
# environment
GJS_DEBUG_TOPICS = JS ERROR;JS LOG
# automatic
^F = $(notdir $^)
# default
SUFFIXES := 
# environment
CHROME_DESKTOP = code-url-handler.desktop
# environment
WINDOWPATH = 2
# default
.INCLUDE_DIRS = /usr/include /usr/local/include /usr/include
# environment
GJS_DEBUG_OUTPUT = stderr
# default
.RECIPEPREFIX := 
# environment
LANG = C
# environment
VSCODE_PID = 477543
# environment
INTELOPENCLSDK = /opt/intel/system_studio_2020/opencl/SDK
# variable set hash-table stats:
# Load=107/1024=10%, Rehash=0, Collisions=12/132=9%

# Pattern-specific Variable Values

# No pattern-specific variable values.

# Directories

# . (device 66311, inode 1492226): 10 files, no impossibilities.

# 10 files, no impossibilities in 1 directories.

# Implicit Rules

# No implicit rules.

# Files

# Not a target:
all:
#  Command line target.
#  Implicit rule search has been done.
#  File does not exist.
#  File has not been updated.

# Not a target:
X11/numbers.cpp:
#  Implicit rule search has not been done.
#  Modification time never checked.
#  File has not been updated.

# Not a target:
Thread/gl.cpp:
#  Implicit rule search has not been done.
#  Modification time never checked.
#  File has not been updated.

# Not a target:
Makefile:
#  Implicit rule search has been done.
#  Last modified 2021-11-19 22:24:26.894722821
#  File has been updated.
#  Successfully updated.

X11: X11/display.cpp X11/numbers.cpp
#  Implicit rule search has not been done.
#  Modification time never checked.
#  File has not been updated.
#  recipe to execute (from 'Makefile', line 10):
	g++ -w  ./X11/display.cpp -o ./Executables/click -lX11

# Not a target:
X11/display.cpp:
#  Implicit rule search has not been done.
#  Modification time never checked.
#  File has not been updated.

# Not a target:
Slow/gl.cpp:
#  Implicit rule search has not been done.
#  Modification time never checked.
#  File has not been updated.

# Not a target:
Thread/numbers.cpp:
#  Implicit rule search has not been done.
#  Modification time never checked.
#  File has not been updated.

# Not a target:
.DEFAULT:
#  Implicit rule search has not been done.
#  Modification time never checked.
#  File has not been updated.

# Not a target:
Slow/numbers.cpp:
#  Implicit rule search has not been done.
#  Modification time never checked.
#  File has not been updated.

slow_gl: Slow/gl.cpp Slow/numbers.cpp
#  Implicit rule search has not been done.
#  Modification time never checked.
#  File has not been updated.
 
#  recipe to execute (from 'Makefile', line 7):
	g++ ./Slow/gl.cpp -o ./Executables/slow -lGL -lglut -lGLU

All: queue_gl slow_gl X11
#  Implicit rule search has not been done.
#  Modification time never checked.
#  File has not been updated.

queue_gl: Thread/gl.cpp Thread/numbers.cpp
#  Implicit rule search has not been done.
#  Modification time never checked.
#  File has not been updated.
#  recipe to execute (from 'Makefile', line 4):
	g++ ./Thread/gl.cpp -pthread -o ./Executables/queue -lGL -lglut -lGLU

# files hash-table stats:
# Load=14/1024=1%, Rehash=0, Collisions=1/36=3%
# VPATH Search Paths

# No 'vpath' search paths.

# No general ('VPATH' variable) search path.

# strcache buffers: 1 (0) / strings = 24 / storage = 238 B / avg = 9 B
# current buf: size = 8162 B / used = 238 B / count = 24 / avg = 9 B

# strcache performance: lookups = 36 / hit rate = 33%
# hash-table stats:
# Load=24/8192=0%, Rehash=0, Collisions=3/36=8%
# Finished Make data base on Sun Aug 21 13:02:56 2022

 
